<?xml version="1.0" encoding="UTF-8"?>
<!-- Generated by org.testng.reporters.JUnitReportReporter -->
<testsuite hostname="LAPTOP-JVA73PQO" failures="0" tests="1" name="testNGpkg.testcase1" time="7.231" errors="0" timestamp="2021-12-27T16:17:15 EST" skipped="0">
  <testcase classname="testNGpkg.testcase1" name="f" time="7.231"/>
</testsuite> <!-- testNGpkg.testcase1 -->
